\BOOKMARK [1][]{section.2}{\376\377\000I\000n\000t\000r\000o\000d\000u\000c\000t\000i\000o\000n}{}% 1
\BOOKMARK [1][]{section.4}{\376\377\000R\000e\000l\000a\000t\000e\000d\000\040\000W\000o\000r\000k}{}% 2
\BOOKMARK [2][]{subsection.5}{\376\377\000D\000y\000n\000a\000m\000i\000c\000\040\000T\000r\000e\000e\000\040\000V\000i\000s\000u\000a\000l\000i\000z\000a\000t\000i\000o\000n}{section.4}% 3
\BOOKMARK [2][]{subsection.6}{\376\377\000T\000r\000e\000e\000\040\000D\000i\000f\000f\000e\000r\000e\000n\000c\000i\000n\000g\000\040\000a\000n\000d\000\040\000C\000h\000a\000n\000g\000e\000\040\000M\000o\000d\000e\000l\000i\000n\000g}{section.4}% 4
\BOOKMARK [2][]{subsection.7}{\376\377\000T\000e\000m\000p\000o\000r\000a\000l\000\040\000S\000u\000m\000m\000a\000r\000i\000z\000a\000t\000i\000o\000n\000\040\000a\000n\000d\000\040\000S\000e\000q\000u\000e\000n\000c\000e\000\040\000A\000b\000s\000t\000r\000a\000c\000t\000i\000o\000n}{section.4}% 5
\BOOKMARK [2][]{subsection.8}{\376\377\000D\000o\000m\000a\000i\000n\000-\000S\000p\000e\000c\000i\000f\000i\000c\000\040\000A\000n\000a\000l\000y\000s\000i\000s\000\040\000o\000f\000\040\000E\000v\000o\000l\000v\000i\000n\000g\000\040\000T\000r\000e\000e\000s}{section.4}% 6
\BOOKMARK [1][]{section.9}{\376\377\000T\000a\000s\000k\000\040\000a\000n\000d\000\040\000S\000y\000s\000t\000e\000m\000\040\000F\000r\000a\000m\000e\000w\000o\000r\000k}{}% 7
\BOOKMARK [2][]{subsection.10}{\376\377\000A\000n\000a\000l\000y\000t\000i\000c\000a\000l\000\040\000t\000a\000s\000k\000\040\000a\000n\000d\000\040\000d\000e\000s\000i\000g\000n\000\040\000r\000e\000q\000u\000i\000r\000e\000m\000e\000n\000t}{section.9}% 8
\BOOKMARK [2][]{subsection.11}{\376\377\000S\000y\000s\000t\000e\000m\000\040\000f\000r\000a\000m\000e\000w\000o\000r\000k}{section.9}% 9
\BOOKMARK [1][]{section.13}{\376\377\000D\000a\000t\000a\000\040\000M\000o\000d\000e\000l\000\040\000a\000n\000d\000\040\000P\000r\000o\000b\000l\000e\000m\000\040\000D\000e\000f\000i\000n\000i\000t\000i\000o\000n}{}% 10
\BOOKMARK [2][]{subsection.14}{\376\377\000T\000r\000e\000e\000,\000\040\000T\000r\000e\000e\000\040\000S\000e\000q\000u\000e\000n\000c\000e\000,\000\040\000a\000n\000d\000\040\000E\000v\000o\000l\000u\000t\000i\000o\000n}{section.13}% 11
\BOOKMARK [2][]{subsection.15}{\376\377\000S\000t\000r\000u\000c\000t\000u\000r\000a\000l\000\040\000D\000i\000f\000f\000e\000r\000e\000n\000c\000e\000\040\000a\000n\000d\000\040\000D\000i\000f\000f\000e\000r\000e\000n\000c\000e\000\040\000N\000o\000d\000e\000s}{section.13}% 12
\BOOKMARK [2][]{subsection.16}{\376\377\000D\000i\000f\000f\000e\000r\000e\000n\000c\000e\000\040\000S\000u\000b\000t\000r\000e\000e\000s\000\040\000a\000n\000d\000\040\000D\000i\000f\000f\000e\000r\000e\000n\000c\000e\000\040\000F\000o\000r\000e\000s\000t\000s}{section.13}% 13
\BOOKMARK [2][]{subsection.17}{\376\377\000D\000i\000f\000f\000e\000r\000e\000n\000c\000e\000\040\000S\000u\000m\000m\000a\000r\000i\000z\000a\000t\000i\000o\000n\000\040\000a\000n\000d\000\040\000P\000r\000o\000b\000l\000e\000m\000\040\000S\000t\000a\000t\000e\000m\000e\000n\000t}{section.13}% 14
\BOOKMARK [2][]{subsection.18}{\376\377\000D\000i\000f\000f\000e\000r\000e\000n\000c\000e\000\040\000F\000o\000r\000e\000s\000t\000\040\000C\000o\000n\000s\000t\000r\000u\000c\000t\000i\000o\000n\000\040\000A\000l\000g\000o\000r\000i\000t\000h\000m}{section.13}% 15
\BOOKMARK [1][]{section.19}{\376\377\000V\000i\000s\000u\000a\000l\000i\000z\000a\000t\000i\000o\000n}{}% 16
\BOOKMARK [2][]{subsection.20}{\376\377\000S\000t\000a\000t\000i\000s\000t\000i\000c\000s\000\040\000V\000i\000e\000w}{section.19}% 17
\BOOKMARK [2][]{subsection.22}{\376\377\000H\000i\000e\000r\000a\000r\000c\000h\000y\000\040\000V\000i\000e\000w}{section.19}% 18
\BOOKMARK [2][]{subsection.24}{\376\377\000T\000r\000e\000e\000\040\000V\000i\000e\000w\000s}{section.19}% 19
\BOOKMARK [2][]{subsection.26}{\376\377\000I\000n\000t\000e\000r\000a\000c\000t\000i\000o\000n\000s}{section.19}% 20
\BOOKMARK [1][]{section.27}{\376\377\000C\000a\000s\000e\000\040\000S\000t\000u\000d\000y}{}% 21
\BOOKMARK [2][]{subsection.28}{\376\377\000C\000a\000s\000e\000\040\000S\000t\000u\000d\000y\000\040\0001\000:\000\040\000D\000e\000t\000e\000c\000t\000i\000n\000g\000\040\000L\000o\000o\000p\000\040\000O\000p\000t\000i\000m\000i\000z\000a\000t\000i\000o\000n\000\040\000i\000n\000\040\000D\000a\000t\000a\000b\000a\000s\000e\000\040\000Q\000u\000e\000r\000y\000\040\000O\000p\000t\000i\000m\000i\000z\000e\000r}{section.27}% 22
\BOOKMARK [2][]{subsection.29}{\376\377\000C\000a\000s\000e\000\040\000S\000t\000u\000d\000y\000\040\0002\000:\000\040\000R\000e\000v\000e\000a\000l\000i\000n\000g\000\040\000C\000o\000d\000e\000\040\000R\000e\000f\000a\000c\000t\000o\000r\000i\000n\000g\000\040\000P\000a\000t\000t\000e\000r\000n\000s\000\040\000t\000h\000r\000o\000u\000g\000h\000\040\000A\000S\000T\000\040\000E\000v\000o\000l\000u\000t\000i\000o\000n}{section.27}% 23
\BOOKMARK [2][]{subsection.30}{\376\377\000C\000a\000s\000e\000\040\000S\000t\000u\000d\000y\000\040\0003\000:\000\040\000U\000n\000d\000e\000r\000s\000t\000a\000n\000d\000i\000n\000g\000\040\000M\000e\000m\000o\000r\000y\000\040\000O\000r\000g\000a\000n\000i\000z\000a\000t\000i\000o\000n\000\040\000i\000n\000\040\000A\000g\000e\000n\000t\000\040\000M\000e\000m\000o\000r\000y\000\040\000T\000r\000e\000e\000s}{section.27}% 24
\BOOKMARK [2][]{subsection.31}{\376\377\000S\000u\000m\000m\000a\000r\000y}{section.27}% 25
\BOOKMARK [1][]{appendix.33}{\376\377\000A\000b\000o\000u\000t\000\040\000A\000p\000p\000e\000n\000d\000i\000c\000e\000s}{}% 26
\BOOKMARK [1][]{appendix.34}{\376\377\000T\000r\000o\000u\000b\000l\000e\000s\000h\000o\000o\000t\000i\000n\000g}{}% 27
\BOOKMARK [2][]{subsection.35}{\376\377\000i\000f\000p\000d\000f\000\040\000e\000r\000r\000o\000r}{appendix.34}% 28
\BOOKMARK [2][]{subsection.36}{\376\377\000p\000d\000f\000e\000n\000d\000l\000i\000n\000k\000\040\000e\000r\000r\000o\000r}{appendix.34}% 29
